<?xml version="1.0" encoding="UTF-8"?>
<!-- Generated by org.testng.reporters.JUnitReportReporter -->
<testsuite hostname="LAPTOP-077COGF2" failures="0" tests="1" name="com.profproject.testcases.TC_LoginTest_002" time="6.789" errors="0" timestamp="2022-08-15T04:55:25 BST" skipped="0">
  <testcase classname="com.profproject.testcases.TC_LoginTest_002" name="LoginTest" time="6.789"/>
  <system-out/>
</testsuite> <!-- com.profproject.testcases.TC_LoginTest_002 -->
