<?xml version="1.0" encoding="UTF-8"?>
<!-- Generated by org.testng.reporters.JUnitReportReporter -->
<testsuite hostname="LAPTOP-077COGF2" failures="0" tests="1" name="com.profproject.testcases.TC_InvalidLoginTest_001" time="1.058" errors="0" timestamp="2022-02-22T01:22:17 GMT" skipped="0">
  <testcase classname="com.profproject.testcases.TC_InvalidLoginTest_001" name="loginInvalid" time="1.058"/>
  <system-out/>
</testsuite> <!-- com.profproject.testcases.TC_InvalidLoginTest_001 -->
