<?xml version="1.0" encoding="UTF-8"?>
<!-- Generated by org.testng.reporters.JUnitReportReporter -->
<testsuite hostname="LAPTOP-077COGF2" failures="0" tests="1" name="com.profproject.testcases.TC_Login_Logout_005" time="6.356" errors="0" timestamp="2022-02-18T23:28:50 GMT" skipped="0">
  <testcase classname="com.profproject.testcases.TC_Login_Logout_005" name="Logout" time="6.356"/>
  <system-out/>
</testsuite> <!-- com.profproject.testcases.TC_Login_Logout_005 -->
